Using pre-set license
Built from '2020.3/staging' branch; Version is '2020.3.16f1 (049d6eca3c44) revision 302446'; Using compiler version '192528614'; Build Type 'Release'
OS: 'Windows 10 Home Single Language; OS build 19043.1348; Version 2009; 64bit' Language: 'es' Physical Memory: 8075 MB
BatchMode: 1, IsHumanControllingUs: 0, StartBugReporterOnCrash: 0, Is64bit: 1, IsPro: 0

 COMMAND LINE ARGUMENTS:
D:\Unity\Editor\Unity.exe
-adb2
-batchMode
-noUpm
-name
AssetImportWorker0
-projectPath
D:/Taller3-Proyecto/Taller3
-logFile
Logs/AssetImportWorker0.log
-srvPort
62228
Successfully changed project path to: D:/Taller3-Proyecto/Taller3
D:/Taller3-Proyecto/Taller3
Using Asset Import Pipeline V2.
Refreshing native plugins compatible for Editor in 43.82 ms, found 2 plugins.
Preloading 0 native plugins for Editor in 0.00 ms.
Initialize engine version: 2020.3.16f1 (049d6eca3c44)
[Subsystems] Discovering subsystems at path D:/Unity/Editor/Data/Resources/UnitySubsystems
[Subsystems] Discovering subsystems at path D:/Taller3-Proyecto/Taller3/Assets
GfxDevice: creating device client; threaded=0
Direct3D:
    Version:  Direct3D 11.0 [level 11.1]
    Renderer: NVIDIA GeForce GTX 1050 Ti (ID=0x1c8c)
    Vendor:   
    VRAM:     4029 MB
    Driver:   23.21.13.8816
Initialize mono
Mono path[0] = 'D:/Unity/Editor/Data/Managed'
Mono path[1] = 'D:/Unity/Editor/Data/MonoBleedingEdge/lib/mono/unityjit'
Mono config path = 'D:/Unity/Editor/Data/MonoBleedingEdge/etc'
Using monoOptions --debugger-agent=transport=dt_socket,embedding=1,server=y,suspend=n,address=127.0.0.1:56160
Begin MonoManager ReloadAssembly
Registering precompiled unity dll's ...
Register platform support module: D:/Unity/Editor/Data/PlaybackEngines/MacStandaloneSupport/UnityEditor.OSXStandalone.Extensions.dll
Register platform support module: D:/Unity/Editor/Data/PlaybackEngines/WindowsStandaloneSupport/UnityEditor.WindowsStandalone.Extensions.dll
Registered in 0.001534 seconds.
Native extension for WindowsStandalone target not found
Native extension for OSXStandalone target not found
Refreshing native plugins compatible for Editor in 44.73 ms, found 2 plugins.
Preloading 0 native plugins for Editor in 0.00 ms.
Mono: successfully reloaded assembly
- Completed reload, in  1.055 seconds
Domain Reload Profiling:
	ReloadAssembly (1055ms)
		BeginReloadAssembly (57ms)
			ExecutionOrderSort (0ms)
			DisableScriptedObjects (0ms)
			BackupInstance (0ms)
			ReleaseScriptingObjects (0ms)
			CreateAndSetChildDomain (1ms)
		EndReloadAssembly (479ms)
			LoadAssemblies (57ms)
			RebuildTransferFunctionScriptingTraits (0ms)
			SetupTypeCache (177ms)
			ReleaseScriptCaches (0ms)
			RebuildScriptCaches (36ms)
			SetupLoadedEditorAssemblies (187ms)
				LogAssemblyErrors (0ms)
				InitializePlatformSupportModulesInManaged (6ms)
				SetLoadedEditorAssemblies (0ms)
				RefreshPlugins (45ms)
				BeforeProcessingInitializeOnLoad (10ms)
				ProcessInitializeOnLoadAttributes (90ms)
				ProcessInitializeOnLoadMethodAttributes (34ms)
				AfterProcessingInitializeOnLoad (0ms)
				EditorAssembliesLoaded (0ms)
			ExecutionOrderSort2 (0ms)
			AwakeInstancesAfterBackupRestoration (0ms)
Platform modules already initialized, skipping
Registering precompiled user dll's ...
Registered in 0.002900 seconds.
Begin MonoManager ReloadAssembly
Native extension for WindowsStandalone target not found
Native extension for OSXStandalone target not found
Refreshing native plugins compatible for Editor in 51.22 ms, found 2 plugins.
Preloading 0 native plugins for Editor in 0.00 ms.
Mono: successfully reloaded assembly
- Completed reload, in  1.451 seconds
Domain Reload Profiling:
	ReloadAssembly (1452ms)
		BeginReloadAssembly (170ms)
			ExecutionOrderSort (0ms)
			DisableScriptedObjects (6ms)
			BackupInstance (0ms)
			ReleaseScriptingObjects (0ms)
			CreateAndSetChildDomain (24ms)
		EndReloadAssembly (1220ms)
			LoadAssemblies (100ms)
			RebuildTransferFunctionScriptingTraits (0ms)
			SetupTypeCache (383ms)
			ReleaseScriptCaches (0ms)
			RebuildScriptCaches (60ms)
			SetupLoadedEditorAssemblies (514ms)
				LogAssemblyErrors (0ms)
				InitializePlatformSupportModulesInManaged (5ms)
				SetLoadedEditorAssemblies (0ms)
				RefreshPlugins (51ms)
				BeforeProcessingInitializeOnLoad (89ms)
				ProcessInitializeOnLoadAttributes (362ms)
				ProcessInitializeOnLoadMethodAttributes (5ms)
				AfterProcessingInitializeOnLoad (2ms)
				EditorAssembliesLoaded (0ms)
			ExecutionOrderSort2 (0ms)
			AwakeInstancesAfterBackupRestoration (8ms)
Platform modules already initialized, skipping
========================================================================
Worker process is ready to serve import requests
Launched and connected shader compiler UnityShaderCompiler.exe after 0.09 seconds
Refreshing native plugins compatible for Editor in 0.66 ms, found 2 plugins.
Preloading 0 native plugins for Editor in 0.00 ms.
Unloading 1825 Unused Serialized files (Serialized files now loaded: 0)
System memory in use before: 78.9 MB.
System memory in use after: 79.0 MB.

Unloading 20 unused Assets to reduce memory usage. Loaded Objects now: 2258.
Total: 5.231300 ms (FindLiveObjects: 0.218300 ms CreateObjectMapping: 0.058900 ms MarkObjects: 4.831600 ms  DeleteObjects: 0.120600 ms)

AssetImportParameters requested are different than current active one (requested -> active):
  custom:framework-win-MediaFoundation: 216162199b28c13a410421893ffa2e32 -> 
  custom:video-decoder-ogg-theora: a1e56fd34408186e4bbccfd4996cb3dc -> 
  custom:container-muxer-webm: aa71ff27fc2769a1b78a27578f13a17b -> 
  custom:container-demuxer-webm: 4f35f7cbe854078d1ac9338744f61a02 -> 
  custom:container-demuxer-ogg: 62fdf1f143b41e24485cea50d1cbac27 -> 
  custom:video-encoder-webm-vp8: eb34c28f22e8b96e1ab97ce403110664 -> 
  custom:video-decoder-webm-vp8: 9c59270c3fd7afecdb556c50c9e8de78 -> 
  custom:audio-decoder-ogg-vorbis: bf7c407c2cedff20999df2af8eb42d56 -> 
  custom:audio-encoder-webm-vorbis: bf7c407c2cedff20999df2af8eb42d56 -> 
========================================================================
Received Import Request.
  path: Assets
  artifactKey: Guid(00000000000000001000000000000000) Importer(815301076,1909f56bfc062723c751e8b465ee728b)
Start importing Assets using Guid(00000000000000001000000000000000) Importer(815301076,1909f56bfc062723c751e8b465ee728b)  -> (artifact id: '42d402b061de3733987d63b9cc3b64de') in 0.010551 seconds 
  Import took 0.013986 seconds .

========================================================================
Received Import Request.
  Time since last request: 2.541811 seconds.
  path: Assets/pruebaALVARO
  artifactKey: Guid(85ee0e4d3dec91a49b1ddb36a8afb76c) Importer(815301076,1909f56bfc062723c751e8b465ee728b)
Start importing Assets/pruebaALVARO using Guid(85ee0e4d3dec91a49b1ddb36a8afb76c) Importer(815301076,1909f56bfc062723c751e8b465ee728b)  -> (artifact id: 'fed49c231ed24768783f33c2f9b2f539') in 0.007845 seconds 
  Import took 0.016485 seconds .

========================================================================
Received Import Request.
  Time since last request: 243.250188 seconds.
  path: Assets/Script
  artifactKey: Guid(605dd00d544f94643b04e8e39ea853d7) Importer(815301076,1909f56bfc062723c751e8b465ee728b)
Start importing Assets/Script using Guid(605dd00d544f94643b04e8e39ea853d7) Importer(815301076,1909f56bfc062723c751e8b465ee728b)  -> (artifact id: 'a71ee8ad353c7ea87cf1c6008620a949') in 0.019926 seconds 
  Import took 0.024909 seconds .

========================================================================
Received Import Request.
  Time since last request: 1.548349 seconds.
  path: Assets/Script/CambioColor.cs
  artifactKey: Guid(460f5fa9ae17be34bae96828d3d60c77) Importer(815301076,1909f56bfc062723c751e8b465ee728b)
Start importing Assets/Script/CambioColor.cs using Guid(460f5fa9ae17be34bae96828d3d60c77) Importer(815301076,1909f56bfc062723c751e8b465ee728b)  -> (artifact id: '0397e6507acc870999cc0f4fa04e162a') in 0.050456 seconds 
  Import took 0.055248 seconds .

========================================================================
Received Import Request.
  Time since last request: 4.119927 seconds.
  path: Assets/Script/Clase8.cs
  artifactKey: Guid(ff77abf9c0bd73f4c9309b26421d3314) Importer(815301076,1909f56bfc062723c751e8b465ee728b)
Start importing Assets/Script/Clase8.cs using Guid(ff77abf9c0bd73f4c9309b26421d3314) Importer(815301076,1909f56bfc062723c751e8b465ee728b)  -> (artifact id: '402ca90d782842c96786dab08f247c47') in 0.047623 seconds 
  Import took 0.051302 seconds .

========================================================================
Received Import Request.
  Time since last request: 1.478002 seconds.
  path: Assets/Script/DeteccionPlano.cs
  artifactKey: Guid(d55fc3f1ac42cbc44b9290ede90b5b5a) Importer(815301076,1909f56bfc062723c751e8b465ee728b)
Start importing Assets/Script/DeteccionPlano.cs using Guid(d55fc3f1ac42cbc44b9290ede90b5b5a) Importer(815301076,1909f56bfc062723c751e8b465ee728b)  -> (artifact id: 'ec7af49f465486302aae385e3f3e2921') in 0.008235 seconds 
  Import took 0.012636 seconds .

========================================================================
Received Import Request.
  Time since last request: 1.907520 seconds.
  path: Assets/Script/RotarV1.cs
  artifactKey: Guid(d0c1afb4b572b7b438e5aa25ab2367c8) Importer(815301076,1909f56bfc062723c751e8b465ee728b)
Start importing Assets/Script/RotarV1.cs using Guid(d0c1afb4b572b7b438e5aa25ab2367c8) Importer(815301076,1909f56bfc062723c751e8b465ee728b)  -> (artifact id: '4d5a65fb61ce3a5bf7f091aec188b331') in 0.008720 seconds 
  Import took 0.014861 seconds .

========================================================================
Received Prepare
Registering precompiled user dll's ...
Registered in 0.004808 seconds.
Begin MonoManager ReloadAssembly
Native extension for WindowsStandalone target not found
Native extension for OSXStandalone target not found
Refreshing native plugins compatible for Editor in 0.46 ms, found 2 plugins.
Preloading 0 native plugins for Editor in 0.00 ms.
Mono: successfully reloaded assembly
- Completed reload, in  1.254 seconds
Domain Reload Profiling:
	ReloadAssembly (1255ms)
		BeginReloadAssembly (137ms)
			ExecutionOrderSort (0ms)
			DisableScriptedObjects (5ms)
			BackupInstance (0ms)
			ReleaseScriptingObjects (0ms)
			CreateAndSetChildDomain (44ms)
		EndReloadAssembly (1051ms)
			LoadAssemblies (99ms)
			RebuildTransferFunctionScriptingTraits (0ms)
			SetupTypeCache (371ms)
			ReleaseScriptCaches (1ms)
			RebuildScriptCaches (45ms)
			SetupLoadedEditorAssemblies (420ms)
				LogAssemblyErrors (0ms)
				InitializePlatformSupportModulesInManaged (6ms)
				SetLoadedEditorAssemblies (0ms)
				RefreshPlugins (1ms)
				BeforeProcessingInitializeOnLoad (72ms)
				ProcessInitializeOnLoadAttributes (332ms)
				ProcessInitializeOnLoadMethodAttributes (5ms)
				AfterProcessingInitializeOnLoad (3ms)
				EditorAssembliesLoaded (0ms)
			ExecutionOrderSort2 (0ms)
			AwakeInstancesAfterBackupRestoration (8ms)
Platform modules already initialized, skipping
Refreshing native plugins compatible for Editor in 0.51 ms, found 2 plugins.
Preloading 0 native plugins for Editor in 0.00 ms.
Unloading 1812 Unused Serialized files (Serialized files now loaded: 0)
System memory in use before: 78.4 MB.
System memory in use after: 78.5 MB.

Unloading 15 unused Assets to reduce memory usage. Loaded Objects now: 2261.
Total: 3.649500 ms (FindLiveObjects: 0.252300 ms CreateObjectMapping: 0.065500 ms MarkObjects: 3.259800 ms  DeleteObjects: 0.069700 ms)

AssetImportParameters requested are different than current active one (requested -> active):
  custom:framework-win-MediaFoundation: 216162199b28c13a410421893ffa2e32 -> 
  custom:video-decoder-ogg-theora: a1e56fd34408186e4bbccfd4996cb3dc -> 
  custom:container-muxer-webm: aa71ff27fc2769a1b78a27578f13a17b -> 
  custom:container-demuxer-webm: 4f35f7cbe854078d1ac9338744f61a02 -> 
  custom:container-demuxer-ogg: 62fdf1f143b41e24485cea50d1cbac27 -> 
  custom:video-encoder-webm-vp8: eb34c28f22e8b96e1ab97ce403110664 -> 
  custom:video-decoder-webm-vp8: 9c59270c3fd7afecdb556c50c9e8de78 -> 
  custom:audio-decoder-ogg-vorbis: bf7c407c2cedff20999df2af8eb42d56 -> 
  custom:audio-encoder-webm-vorbis: bf7c407c2cedff20999df2af8eb42d56 -> 
========================================================================
Received Import Request.
  Time since last request: 298.753181 seconds.
  path: Assets/Ayudantia/Iconos_Modelos
  artifactKey: Guid(7f07fc2980acec54aa4c4d08767b3e26) Importer(815301076,1909f56bfc062723c751e8b465ee728b)
Start importing Assets/Ayudantia/Iconos_Modelos using Guid(7f07fc2980acec54aa4c4d08767b3e26) Importer(815301076,1909f56bfc062723c751e8b465ee728b)  -> (artifact id: '23b9540dca14d5a9a82d299f42247410') in 0.016810 seconds 
  Import took 0.021754 seconds .

========================================================================
Received Import Request.
  Time since last request: 0.098792 seconds.
  path: Assets/Ayudantia/Iconos_Modelos/bed.png
  artifactKey: Guid(edc348f383c907b42946e6699bd4fe17) Importer(815301076,1909f56bfc062723c751e8b465ee728b)
Start importing Assets/Ayudantia/Iconos_Modelos/bed.png using Guid(edc348f383c907b42946e6699bd4fe17) Importer(815301076,1909f56bfc062723c751e8b465ee728b)  -> (artifact id: 'e02f857da0baad69c1f142e30630361b') in 0.103700 seconds 
  Import took 0.107172 seconds .

========================================================================
Received Import Request.
  Time since last request: 0.000329 seconds.
  path: Assets/Ayudantia/Iconos_Modelos/cliff_blockCave_rock.png
  artifactKey: Guid(2bf55ddf69c0cec41a31583f32a4cb74) Importer(815301076,1909f56bfc062723c751e8b465ee728b)
Start importing Assets/Ayudantia/Iconos_Modelos/cliff_blockCave_rock.png using Guid(2bf55ddf69c0cec41a31583f32a4cb74) Importer(815301076,1909f56bfc062723c751e8b465ee728b)  -> (artifact id: '6ecc5b015dadb3c5d66fe115e20d30f7') in 0.063944 seconds 
  Import took 0.071408 seconds .

========================================================================
Received Import Request.
  Time since last request: 0.000347 seconds.
  path: Assets/Ayudantia/Iconos_Modelos/canoe_paddle.png
  artifactKey: Guid(88edcb55bd1250b47bd703b585dc2a96) Importer(815301076,1909f56bfc062723c751e8b465ee728b)
Start importing Assets/Ayudantia/Iconos_Modelos/canoe_paddle.png using Guid(88edcb55bd1250b47bd703b585dc2a96) Importer(815301076,1909f56bfc062723c751e8b465ee728b)  -> (artifact id: 'dfe5b27904213b56a7180319c2ec08e3') in 0.014223 seconds 
  Import took 0.019083 seconds .

========================================================================
Received Import Request.
  Time since last request: 0.000337 seconds.
  path: Assets/Ayudantia/Iconos_Modelos/campfire_stones.png
  artifactKey: Guid(e00bc35a35ffa1e409b0aae8f5c78670) Importer(815301076,1909f56bfc062723c751e8b465ee728b)
Start importing Assets/Ayudantia/Iconos_Modelos/campfire_stones.png using Guid(e00bc35a35ffa1e409b0aae8f5c78670) Importer(815301076,1909f56bfc062723c751e8b465ee728b)  -> (artifact id: 'df7989878e6e71239008402df7d050fc') in 0.013185 seconds 
  Import took 0.018613 seconds .

========================================================================
Received Import Request.
  Time since last request: 0.000383 seconds.
  path: Assets/Ayudantia/Iconos_Modelos/bed_floor.png
  artifactKey: Guid(b98553eb06a718a41918b59aa74ece17) Importer(815301076,1909f56bfc062723c751e8b465ee728b)
Start importing Assets/Ayudantia/Iconos_Modelos/bed_floor.png using Guid(b98553eb06a718a41918b59aa74ece17) Importer(815301076,1909f56bfc062723c751e8b465ee728b)  -> (artifact id: '3419f689d7058daf1a958f51539573a1') in 0.024055 seconds 
  Import took 0.029387 seconds .

========================================================================
Received Import Request.
  Time since last request: 0.000360 seconds.
  path: Assets/Ayudantia/Iconos_Modelos/cliff_blockSlopeHalfWalls_rock.png
  artifactKey: Guid(152d464ae4f3ff445990efb321a1ffb8) Importer(815301076,1909f56bfc062723c751e8b465ee728b)
Start importing Assets/Ayudantia/Iconos_Modelos/cliff_blockSlopeHalfWalls_rock.png using Guid(152d464ae4f3ff445990efb321a1ffb8) Importer(815301076,1909f56bfc062723c751e8b465ee728b)  -> (artifact id: 'ad409205da0c6f9dee09aedb2be412c7') in 0.014926 seconds 
  Import took 0.019458 seconds .

========================================================================
Received Import Request.
  Time since last request: 0.000449 seconds.
  path: Assets/Ayudantia/Iconos_Modelos/cliff_block_stone.png
  artifactKey: Guid(48ed41eba34acc2438d4ee6cf0a24c55) Importer(815301076,1909f56bfc062723c751e8b465ee728b)
Start importing Assets/Ayudantia/Iconos_Modelos/cliff_block_stone.png using Guid(48ed41eba34acc2438d4ee6cf0a24c55) Importer(815301076,1909f56bfc062723c751e8b465ee728b)  -> (artifact id: 'f52fe560aa9df0ccaab065438890c536') in 0.033373 seconds 
  Import took 0.040089 seconds .

========================================================================
Received Import Request.
  Time since last request: 0.000284 seconds.
  path: Assets/Ayudantia/Iconos_Modelos/cliff_cornerInner_stone.png
  artifactKey: Guid(31d3076a7ad84cf43a511535eb70d109) Importer(815301076,1909f56bfc062723c751e8b465ee728b)
Start importing Assets/Ayudantia/Iconos_Modelos/cliff_cornerInner_stone.png using Guid(31d3076a7ad84cf43a511535eb70d109) Importer(815301076,1909f56bfc062723c751e8b465ee728b)  -> (artifact id: '0b738e5a968f1a4db7dfef14c40995ab') in 0.022797 seconds 
  Import took 0.026790 seconds .

========================================================================
Received Import Request.
  Time since last request: 0.000478 seconds.
  path: Assets/Ayudantia/Iconos_Modelos/cliff_blockDiagonal_stone.png
  artifactKey: Guid(c749ef170f564424ab0eeae786725708) Importer(815301076,1909f56bfc062723c751e8b465ee728b)
Start importing Assets/Ayudantia/Iconos_Modelos/cliff_blockDiagonal_stone.png using Guid(c749ef170f564424ab0eeae786725708) Importer(815301076,1909f56bfc062723c751e8b465ee728b)  -> (artifact id: '339f11288ba542a086c451fbd9ca84f4') in 0.014989 seconds 
  Import took 0.019138 seconds .

========================================================================
Received Import Request.
  Time since last request: 0.000234 seconds.
  path: Assets/Ayudantia/Iconos_Modelos/bridge_stone.png
  artifactKey: Guid(764c4db0da5723446b0afb4679096044) Importer(815301076,1909f56bfc062723c751e8b465ee728b)
Start importing Assets/Ayudantia/Iconos_Modelos/bridge_stone.png using Guid(764c4db0da5723446b0afb4679096044) Importer(815301076,1909f56bfc062723c751e8b465ee728b)  -> (artifact id: 'efcf0fad76cf4e331bde2fef9ff10135') in 0.025792 seconds 
  Import took 0.031333 seconds .

========================================================================
Received Import Request.
  Time since last request: 0.000372 seconds.
  path: Assets/Ayudantia/Iconos_Modelos/cliff_blockHalf_stone.png
  artifactKey: Guid(729f3a255f353a44c827d7845addae53) Importer(815301076,1909f56bfc062723c751e8b465ee728b)
Start importing Assets/Ayudantia/Iconos_Modelos/cliff_blockHalf_stone.png using Guid(729f3a255f353a44c827d7845addae53) Importer(815301076,1909f56bfc062723c751e8b465ee728b)  -> (artifact id: '63d6862e77cf8ae2a894b9610e2141b8') in 0.013542 seconds 
  Import took 0.022739 seconds .

========================================================================
Received Import Request.
  Time since last request: 0.000389 seconds.
  path: Assets/Ayudantia/Iconos_Modelos/cliff_blockSlopeWalls_rock.png
  artifactKey: Guid(eb39c2a3d1e384642b0ef1f18a8b6c6b) Importer(815301076,1909f56bfc062723c751e8b465ee728b)
Start importing Assets/Ayudantia/Iconos_Modelos/cliff_blockSlopeWalls_rock.png using Guid(eb39c2a3d1e384642b0ef1f18a8b6c6b) Importer(815301076,1909f56bfc062723c751e8b465ee728b)  -> (artifact id: '637ab684e14bf9307552825206fcb1d6') in 0.023191 seconds 
  Import took 0.029941 seconds .

========================================================================
Received Import Request.
  Time since last request: 0.000622 seconds.
  path: Assets/Ayudantia/Iconos_Modelos/bridge_center_woodRound.png
  artifactKey: Guid(e67831d0b793ed4489ce5048b3b10921) Importer(815301076,1909f56bfc062723c751e8b465ee728b)
Start importing Assets/Ayudantia/Iconos_Modelos/bridge_center_woodRound.png using Guid(e67831d0b793ed4489ce5048b3b10921) Importer(815301076,1909f56bfc062723c751e8b465ee728b)  -> (artifact id: '71f8c86b30a81d3efda51cc931ec64c4') in 0.012320 seconds 
  Import took 0.017409 seconds .

========================================================================
Received Import Request.
  Time since last request: 0.000356 seconds.
  path: Assets/Ayudantia/Iconos_Modelos/cliff_cornerInner_rock.png
  artifactKey: Guid(e2a570795f4fd4344a33fee2a9b18e87) Importer(815301076,1909f56bfc062723c751e8b465ee728b)
Start importing Assets/Ayudantia/Iconos_Modelos/cliff_cornerInner_rock.png using Guid(e2a570795f4fd4344a33fee2a9b18e87) Importer(815301076,1909f56bfc062723c751e8b465ee728b)  -> (artifact id: 'b65a52652f878f5b9c29ec369f48b3d5') in 0.019813 seconds 
  Import took 0.024377 seconds .

========================================================================
Received Import Request.
  Time since last request: 0.000228 seconds.
  path: Assets/Ayudantia/Iconos_Modelos/cliff_corner_stone.png
  artifactKey: Guid(6df6be9dd08bf5c48a5e60c82130cff5) Importer(815301076,1909f56bfc062723c751e8b465ee728b)
Start importing Assets/Ayudantia/Iconos_Modelos/cliff_corner_stone.png using Guid(6df6be9dd08bf5c48a5e60c82130cff5) Importer(815301076,1909f56bfc062723c751e8b465ee728b)  -> (artifact id: 'de743f5af76b5f89eb5c4d2a7bfcbd26') in 0.014967 seconds 
  Import took 0.019311 seconds .

========================================================================
Received Import Request.
  Time since last request: 0.000239 seconds.
  path: Assets/Ayudantia/Iconos_Modelos/canoe.png
  artifactKey: Guid(2fe3819d743762d478c099abc7e1acc8) Importer(815301076,1909f56bfc062723c751e8b465ee728b)
Start importing Assets/Ayudantia/Iconos_Modelos/canoe.png using Guid(2fe3819d743762d478c099abc7e1acc8) Importer(815301076,1909f56bfc062723c751e8b465ee728b)  -> (artifact id: '0a2fd51f7eeff7af00bab7ced03bbc81') in 0.025589 seconds 
  Import took 0.031573 seconds .

========================================================================
Received Import Request.
  Time since last request: 0.000229 seconds.
  path: Assets/Ayudantia/Iconos_Modelos/bridge_center_stoneRound.png
  artifactKey: Guid(f87e5feb89fb9bc479608c2102035f7f) Importer(815301076,1909f56bfc062723c751e8b465ee728b)
Start importing Assets/Ayudantia/Iconos_Modelos/bridge_center_stoneRound.png using Guid(f87e5feb89fb9bc479608c2102035f7f) Importer(815301076,1909f56bfc062723c751e8b465ee728b)  -> (artifact id: '7c2a5b29343ff7b588478b46231e990a') in 0.013469 seconds 
  Import took 0.019405 seconds .

========================================================================
Received Import Request.
  Time since last request: 0.000517 seconds.
  path: Assets/Ayudantia/Iconos_Modelos/bridge_center_wood.png
  artifactKey: Guid(11b58ea3817f8aa45bbeae8ebb72e4bd) Importer(815301076,1909f56bfc062723c751e8b465ee728b)
Start importing Assets/Ayudantia/Iconos_Modelos/bridge_center_wood.png using Guid(11b58ea3817f8aa45bbeae8ebb72e4bd) Importer(815301076,1909f56bfc062723c751e8b465ee728b)  -> (artifact id: '5ce4a404ba4f1376297fb97e12074f82') in 0.020535 seconds 
  Import took 0.029597 seconds .

========================================================================
Received Import Request.
  Time since last request: 0.000339 seconds.
  path: Assets/Ayudantia/Iconos_Modelos/cliff_blockSlope_stone.png
  artifactKey: Guid(d9856600f0f07524d9ea922967ec895a) Importer(815301076,1909f56bfc062723c751e8b465ee728b)
Start importing Assets/Ayudantia/Iconos_Modelos/cliff_blockSlope_stone.png using Guid(d9856600f0f07524d9ea922967ec895a) Importer(815301076,1909f56bfc062723c751e8b465ee728b)  -> (artifact id: '96fcb4ff39b9e117339e58401489913a') in 0.018816 seconds 
  Import took 0.025832 seconds .

========================================================================
Received Import Request.
  Time since last request: 0.000275 seconds.
  path: Assets/Ayudantia/Iconos_Modelos/bridge_woodRoundNarrow.png
  artifactKey: Guid(15d755087d5580f408847a8e98f013c5) Importer(815301076,1909f56bfc062723c751e8b465ee728b)
Start importing Assets/Ayudantia/Iconos_Modelos/bridge_woodRoundNarrow.png using Guid(15d755087d5580f408847a8e98f013c5) Importer(815301076,1909f56bfc062723c751e8b465ee728b)  -> (artifact id: '704917ff1119c878c3440dd7d572fa22') in 0.016319 seconds 
  Import took 0.021485 seconds .

========================================================================
Received Import Request.
  Time since last request: 0.000256 seconds.
  path: Assets/Ayudantia/Iconos_Modelos/bridge_stoneRoundNarrow.png
  artifactKey: Guid(1bbedb90705f62b498370fba67f8b94f) Importer(815301076,1909f56bfc062723c751e8b465ee728b)
Start importing Assets/Ayudantia/Iconos_Modelos/bridge_stoneRoundNarrow.png using Guid(1bbedb90705f62b498370fba67f8b94f) Importer(815301076,1909f56bfc062723c751e8b465ee728b)  -> (artifact id: '2631faed9ded4ed4385e8ac3c1eec51b') in 0.015957 seconds 
  Import took 0.022659 seconds .

========================================================================
Received Import Request.
  Time since last request: 0.001879 seconds.
  path: Assets/Ayudantia/Iconos_Modelos/cliff_blockQuarter_stone.png
  artifactKey: Guid(6550b5234c789f9459af65d14f50d085) Importer(815301076,1909f56bfc062723c751e8b465ee728b)
Start importing Assets/Ayudantia/Iconos_Modelos/cliff_blockQuarter_stone.png using Guid(6550b5234c789f9459af65d14f50d085) Importer(815301076,1909f56bfc062723c751e8b465ee728b)  -> (artifact id: 'a594f5fa9c815fafe02e73f554b9bba0') in 0.017347 seconds 
  Import took 0.025098 seconds .

========================================================================
Received Import Request.
  Time since last request: 0.000945 seconds.
  path: Assets/Ayudantia/Iconos_Modelos/cliff_corner_rock.png
  artifactKey: Guid(579410e304458e24c86d64f8dd7ad115) Importer(815301076,1909f56bfc062723c751e8b465ee728b)
Start importing Assets/Ayudantia/Iconos_Modelos/cliff_corner_rock.png using Guid(579410e304458e24c86d64f8dd7ad115) Importer(815301076,1909f56bfc062723c751e8b465ee728b)  -> (artifact id: 'bd2b71cafb613fa648990a7d97042066') in 0.022788 seconds 
  Import took 0.030044 seconds .

========================================================================
Received Import Request.
  Time since last request: 0.000198 seconds.
  path: Assets/Ayudantia/Iconos_Modelos/cliff_blockSlope_rock.png
  artifactKey: Guid(68fe80d3c2ce61f4c9b00e83c40f83c2) Importer(815301076,1909f56bfc062723c751e8b465ee728b)
Start importing Assets/Ayudantia/Iconos_Modelos/cliff_blockSlope_rock.png using Guid(68fe80d3c2ce61f4c9b00e83c40f83c2) Importer(815301076,1909f56bfc062723c751e8b465ee728b)  -> (artifact id: '390a7d27801ebc5710a6cc7c2c0d7aa9') in 0.013834 seconds 
  Import took 0.018031 seconds .

========================================================================
Received Import Request.
  Time since last request: 0.000251 seconds.
  path: Assets/Ayudantia/Iconos_Modelos/cliff_blockCave_stone.png
  artifactKey: Guid(30b9699727d8168468eacd75a2e8d32d) Importer(815301076,1909f56bfc062723c751e8b465ee728b)
Start importing Assets/Ayudantia/Iconos_Modelos/cliff_blockCave_stone.png using Guid(30b9699727d8168468eacd75a2e8d32d) Importer(815301076,1909f56bfc062723c751e8b465ee728b)  -> (artifact id: 'aed0ff8e2e2aa5668e57c11877dbec32') in 0.018194 seconds 
  Import took 0.025680 seconds .

========================================================================
Received Import Request.
  Time since last request: 0.000224 seconds.
  path: Assets/Ayudantia/Iconos_Modelos/cliff_cornerInnerLarge_rock.png
  artifactKey: Guid(6d2a94899b7a82a44af94e757ac4f8f8) Importer(815301076,1909f56bfc062723c751e8b465ee728b)
Start importing Assets/Ayudantia/Iconos_Modelos/cliff_cornerInnerLarge_rock.png using Guid(6d2a94899b7a82a44af94e757ac4f8f8) Importer(815301076,1909f56bfc062723c751e8b465ee728b)  -> (artifact id: 'effcd2bbac0e82c7d117a63d42aedf66') in 0.017508 seconds 
  Import took 0.023982 seconds .

========================================================================
Received Import Request.
  Time since last request: 0.000650 seconds.
  path: Assets/Ayudantia/Iconos_Modelos/cactus_short.png
  artifactKey: Guid(0e1248dafcd309941abdfe7882b49cbb) Importer(815301076,1909f56bfc062723c751e8b465ee728b)
Start importing Assets/Ayudantia/Iconos_Modelos/cactus_short.png using Guid(0e1248dafcd309941abdfe7882b49cbb) Importer(815301076,1909f56bfc062723c751e8b465ee728b)  -> (artifact id: '9c9702ebc768b2b6b853560a113be8ea') in 0.021053 seconds 
  Import took 0.026004 seconds .

========================================================================
Received Import Request.
  Time since last request: 0.000289 seconds.
  path: Assets/Ayudantia/Iconos_Modelos/cliff_blockDiagonal_rock.png
  artifactKey: Guid(1adefe72178117f4697910dea9e348d8) Importer(815301076,1909f56bfc062723c751e8b465ee728b)
Start importing Assets/Ayudantia/Iconos_Modelos/cliff_blockDiagonal_rock.png using Guid(1adefe72178117f4697910dea9e348d8) Importer(815301076,1909f56bfc062723c751e8b465ee728b)  -> (artifact id: 'd176cdb098db2c4f26d27f6941b83c4b') in 0.019651 seconds 
  Import took 0.024474 seconds .

========================================================================
Received Import Request.
  Time since last request: 0.000239 seconds.
  path: Assets/Ayudantia/Iconos_Modelos/cliff_blockQuarter_rock.png
  artifactKey: Guid(18d72f4c0ce1f104bb385046f29f85b2) Importer(815301076,1909f56bfc062723c751e8b465ee728b)
Start importing Assets/Ayudantia/Iconos_Modelos/cliff_blockQuarter_rock.png using Guid(18d72f4c0ce1f104bb385046f29f85b2) Importer(815301076,1909f56bfc062723c751e8b465ee728b)  -> (artifact id: '4d9676997f98d1294a90e64668781140') in 0.011486 seconds 
  Import took 0.018764 seconds .

========================================================================
Received Import Request.
  Time since last request: 0.000225 seconds.
  path: Assets/Ayudantia/Iconos_Modelos/cliff_blockSlopeHalfWalls_stone.png
  artifactKey: Guid(84e1eeb539a47b441879a3804603bd96) Importer(815301076,1909f56bfc062723c751e8b465ee728b)
Start importing Assets/Ayudantia/Iconos_Modelos/cliff_blockSlopeHalfWalls_stone.png using Guid(84e1eeb539a47b441879a3804603bd96) Importer(815301076,1909f56bfc062723c751e8b465ee728b)  -> (artifact id: '226acaf2896fcc3fdccfb9be39190a86') in 0.022704 seconds 
  Import took 0.027910 seconds .

========================================================================
Received Import Request.
  Time since last request: 0.000257 seconds.
  path: Assets/Ayudantia/Iconos_Modelos/cactus_tall.png
  artifactKey: Guid(5772127dedfc9af44a049d21cd9d0e07) Importer(815301076,1909f56bfc062723c751e8b465ee728b)
Start importing Assets/Ayudantia/Iconos_Modelos/cactus_tall.png using Guid(5772127dedfc9af44a049d21cd9d0e07) Importer(815301076,1909f56bfc062723c751e8b465ee728b)  -> (artifact id: '7f8b61547ffccdf4b7d3ab85b9172085') in 0.017312 seconds 
  Import took 0.023561 seconds .

========================================================================
Received Import Request.
  Time since last request: 0.000233 seconds.
  path: Assets/Ayudantia/Iconos_Modelos/bridge_woodNarrow.png
  artifactKey: Guid(df6964b5374599f47a3932843082551a) Importer(815301076,1909f56bfc062723c751e8b465ee728b)
Start importing Assets/Ayudantia/Iconos_Modelos/bridge_woodNarrow.png using Guid(df6964b5374599f47a3932843082551a) Importer(815301076,1909f56bfc062723c751e8b465ee728b)  -> (artifact id: 'db4da334685c8d4907292ee7f579ac18') in 0.020798 seconds 
  Import took 0.026272 seconds .

========================================================================
Received Import Request.
  Time since last request: 0.000254 seconds.
  path: Assets/Ayudantia/Iconos_Modelos/bridge_side_woodRound.png
  artifactKey: Guid(56eff924653ebc0479584382253368b7) Importer(815301076,1909f56bfc062723c751e8b465ee728b)
Start importing Assets/Ayudantia/Iconos_Modelos/bridge_side_woodRound.png using Guid(56eff924653ebc0479584382253368b7) Importer(815301076,1909f56bfc062723c751e8b465ee728b)  -> (artifact id: '19d0d48e6bc5c6e705c31a182ba985e6') in 0.013266 seconds 
  Import took 0.016894 seconds .

========================================================================
Received Import Request.
  Time since last request: 0.000234 seconds.
  path: Assets/Ayudantia/Iconos_Modelos/cliff_cave_rock.png
  artifactKey: Guid(367704843039303408b650a23bcea148) Importer(815301076,1909f56bfc062723c751e8b465ee728b)
Start importing Assets/Ayudantia/Iconos_Modelos/cliff_cave_rock.png using Guid(367704843039303408b650a23bcea148) Importer(815301076,1909f56bfc062723c751e8b465ee728b)  -> (artifact id: 'c562696ca8b71bcaeb394eefbc25740c') in 0.021600 seconds 
  Import took 0.026491 seconds .

========================================================================
Received Import Request.
  Time since last request: 0.000212 seconds.
  path: Assets/Ayudantia/Iconos_Modelos/cliff_blockSlopeWalls_stone.png
  artifactKey: Guid(9b882d30831a7c84e8c0f7399f8fdc63) Importer(815301076,1909f56bfc062723c751e8b465ee728b)
Start importing Assets/Ayudantia/Iconos_Modelos/cliff_blockSlopeWalls_stone.png using Guid(9b882d30831a7c84e8c0f7399f8fdc63) Importer(815301076,1909f56bfc062723c751e8b465ee728b)  -> (artifact id: 'efaf2af662ddd6083d6909bf4226381f') in 0.026750 seconds 
  Import took 0.031791 seconds .

========================================================================
Received Import Request.
  Time since last request: 0.000578 seconds.
  path: Assets/Ayudantia/Iconos_Modelos/campfire_logs.png
  artifactKey: Guid(da370fcd7b460f84bbe923d139fb0368) Importer(815301076,1909f56bfc062723c751e8b465ee728b)
Start importing Assets/Ayudantia/Iconos_Modelos/campfire_logs.png using Guid(da370fcd7b460f84bbe923d139fb0368) Importer(815301076,1909f56bfc062723c751e8b465ee728b)  -> (artifact id: 'bdf5fc8cce4193fb5c5af5fcc2bebae3') in 0.015856 seconds 
  Import took 0.020709 seconds .

========================================================================
Received Import Request.
  Time since last request: 0.000336 seconds.
  path: Assets/Ayudantia/Iconos_Modelos/bridge_center_stone.png
  artifactKey: Guid(f0ccd067c68f2f9489aef680e89e8c89) Importer(815301076,1909f56bfc062723c751e8b465ee728b)
Start importing Assets/Ayudantia/Iconos_Modelos/bridge_center_stone.png using Guid(f0ccd067c68f2f9489aef680e89e8c89) Importer(815301076,1909f56bfc062723c751e8b465ee728b)  -> (artifact id: 'e87f103ab4fe693cb91de10b0a4a3d50') in 0.014089 seconds 
  Import took 0.018063 seconds .

========================================================================
Received Import Request.
  Time since last request: 0.000217 seconds.
  path: Assets/Ayudantia/Iconos_Modelos/bridge_stoneNarrow.png
  artifactKey: Guid(60136ffc529fcb24eaf12dc6b8f54b23) Importer(815301076,1909f56bfc062723c751e8b465ee728b)
Start importing Assets/Ayudantia/Iconos_Modelos/bridge_stoneNarrow.png using Guid(60136ffc529fcb24eaf12dc6b8f54b23) Importer(815301076,1909f56bfc062723c751e8b465ee728b)  -> (artifact id: 'a358a5b10c2e4849a8e3aecb343893ac') in 0.021316 seconds 
  Import took 0.026559 seconds .

========================================================================
Received Import Request.
  Time since last request: 0.000286 seconds.
  path: Assets/Ayudantia/Iconos_Modelos/campfire_bricks.png
  artifactKey: Guid(ff6fc271323259640897c1fe79ebbfeb) Importer(815301076,1909f56bfc062723c751e8b465ee728b)
Start importing Assets/Ayudantia/Iconos_Modelos/campfire_bricks.png using Guid(ff6fc271323259640897c1fe79ebbfeb) Importer(815301076,1909f56bfc062723c751e8b465ee728b)  -> (artifact id: 'ed273128586e919a2c00b0ff2498e709') in 0.020782 seconds 
  Import took 0.024800 seconds .

========================================================================
Received Import Request.
  Time since last request: 0.000275 seconds.
  path: Assets/Ayudantia/Iconos_Modelos/bridge_woodRound.png
  artifactKey: Guid(79c60542753be254390d5875ecd89ef6) Importer(815301076,1909f56bfc062723c751e8b465ee728b)
Start importing Assets/Ayudantia/Iconos_Modelos/bridge_woodRound.png using Guid(79c60542753be254390d5875ecd89ef6) Importer(815301076,1909f56bfc062723c751e8b465ee728b)  -> (artifact id: '2ae74efc68a584ba9e604201767fe4a1') in 0.011801 seconds 
  Import took 0.018655 seconds .

========================================================================
Received Import Request.
  Time since last request: 0.000265 seconds.
  path: Assets/Ayudantia/Iconos_Modelos/bridge_stoneRound.png
  artifactKey: Guid(c58ee70ad2ddd3844becb9cf9f3a59bb) Importer(815301076,1909f56bfc062723c751e8b465ee728b)
Start importing Assets/Ayudantia/Iconos_Modelos/bridge_stoneRound.png using Guid(c58ee70ad2ddd3844becb9cf9f3a59bb) Importer(815301076,1909f56bfc062723c751e8b465ee728b)  -> (artifact id: 'cdf8f2c037537be83fff163bd7434e5a') in 0.022184 seconds 
  Import took 0.026167 seconds .

========================================================================
Received Import Request.
  Time since last request: 0.000211 seconds.
  path: Assets/Ayudantia/Iconos_Modelos/cliff_cave_stone.png
  artifactKey: Guid(e0f5824fc4c49434887979215b680dc1) Importer(815301076,1909f56bfc062723c751e8b465ee728b)
Start importing Assets/Ayudantia/Iconos_Modelos/cliff_cave_stone.png using Guid(e0f5824fc4c49434887979215b680dc1) Importer(815301076,1909f56bfc062723c751e8b465ee728b)  -> (artifact id: '1d9e41d01b59192d5453a5cf6608c3c5') in 0.014269 seconds 
  Import took 0.019437 seconds .

========================================================================
Received Import Request.
  Time since last request: 0.000232 seconds.
  path: Assets/Ayudantia/Iconos_Modelos/campfire_planks.png
  artifactKey: Guid(092747d163c829e468afea8b87ea2542) Importer(815301076,1909f56bfc062723c751e8b465ee728b)
Start importing Assets/Ayudantia/Iconos_Modelos/campfire_planks.png using Guid(092747d163c829e468afea8b87ea2542) Importer(815301076,1909f56bfc062723c751e8b465ee728b)  -> (artifact id: '654ec6a339efe07347b8812ec85a7435') in 0.031648 seconds 
  Import took 0.041169 seconds .

========================================================================
Received Import Request.
  Time since last request: 0.000307 seconds.
  path: Assets/Ayudantia/Iconos_Modelos/cliff_block_rock.png
  artifactKey: Guid(643e56ca915b8e04abbc00f5f30b1927) Importer(815301076,1909f56bfc062723c751e8b465ee728b)
Start importing Assets/Ayudantia/Iconos_Modelos/cliff_block_rock.png using Guid(643e56ca915b8e04abbc00f5f30b1927) Importer(815301076,1909f56bfc062723c751e8b465ee728b)  -> (artifact id: '0aa2387c7ad7d17dba4169b5c3a1fada') in 0.021092 seconds 
  Import took 0.025325 seconds .

========================================================================
Received Import Request.
  Time since last request: 0.000694 seconds.
  path: Assets/Ayudantia/Iconos_Modelos/bridge_side_wood.png
  artifactKey: Guid(39731d4c30b540a488990394d64621fd) Importer(815301076,1909f56bfc062723c751e8b465ee728b)
Start importing Assets/Ayudantia/Iconos_Modelos/bridge_side_wood.png using Guid(39731d4c30b540a488990394d64621fd) Importer(815301076,1909f56bfc062723c751e8b465ee728b)  -> (artifact id: 'a579612bc75ddae65070a744c55fff52') in 0.011743 seconds 
  Import took 0.021633 seconds .

========================================================================
Received Import Request.
  Time since last request: 0.000259 seconds.
  path: Assets/Ayudantia/Iconos_Modelos/bridge_wood.png
  artifactKey: Guid(bb60440d3d715084581a92106ce58195) Importer(815301076,1909f56bfc062723c751e8b465ee728b)
Start importing Assets/Ayudantia/Iconos_Modelos/bridge_wood.png using Guid(bb60440d3d715084581a92106ce58195) Importer(815301076,1909f56bfc062723c751e8b465ee728b)  -> (artifact id: 'aaa2b6d7c1749bd5bdcfa8d3f51de808') in 0.025591 seconds 
  Import took 0.031659 seconds .

========================================================================
Received Import Request.
  Time since last request: 0.001239 seconds.
  path: Assets/Ayudantia/Iconos_Modelos/bridge_side_stone.png
  artifactKey: Guid(1e05697b045480e4aac52af98547708a) Importer(815301076,1909f56bfc062723c751e8b465ee728b)
Start importing Assets/Ayudantia/Iconos_Modelos/bridge_side_stone.png using Guid(1e05697b045480e4aac52af98547708a) Importer(815301076,1909f56bfc062723c751e8b465ee728b)  -> (artifact id: 'e9b363600deb0c3696bbd843abad4979') in 0.013216 seconds 
  Import took 0.018095 seconds .

========================================================================
Received Import Request.
  Time since last request: 0.000662 seconds.
  path: Assets/Ayudantia/Iconos_Modelos/cliff_blockHalf_rock.png
  artifactKey: Guid(53a2e2775d975604fbad0f43143f9fc8) Importer(815301076,1909f56bfc062723c751e8b465ee728b)
Start importing Assets/Ayudantia/Iconos_Modelos/cliff_blockHalf_rock.png using Guid(53a2e2775d975604fbad0f43143f9fc8) Importer(815301076,1909f56bfc062723c751e8b465ee728b)  -> (artifact id: 'fbbfa53ce5b11d89f0c34842986c1e60') in 0.019140 seconds 
  Import took 0.024457 seconds .

========================================================================
Received Import Request.
  Time since last request: 0.000233 seconds.
  path: Assets/Ayudantia/Iconos_Modelos/bridge_side_stoneRound.png
  artifactKey: Guid(78709ccddcdbd1a40b0d78dd87a72474) Importer(815301076,1909f56bfc062723c751e8b465ee728b)
Start importing Assets/Ayudantia/Iconos_Modelos/bridge_side_stoneRound.png using Guid(78709ccddcdbd1a40b0d78dd87a72474) Importer(815301076,1909f56bfc062723c751e8b465ee728b)  -> (artifact id: 'b2a31b5f4c17d617f33aabb9a47e92eb') in 0.014547 seconds 
  Import took 0.026515 seconds .

========================================================================
Received Import Request.
  Time since last request: 0.318856 seconds.
  path: Assets/Ayudantia/Iconos/sheet_black1x.png
  artifactKey: Guid(81dec7cb69f05ef47a5feb93ca0091d6) Importer(815301076,1909f56bfc062723c751e8b465ee728b)
Start importing Assets/Ayudantia/Iconos/sheet_black1x.png using Guid(81dec7cb69f05ef47a5feb93ca0091d6) Importer(815301076,1909f56bfc062723c751e8b465ee728b)  -> (artifact id: '6e8ff71c5b2813c18fa8e7e3677b77f4') in 0.041581 seconds 
  Import took 0.045478 seconds .

========================================================================
Received Import Request.
  Time since last request: 0.000342 seconds.
  path: Assets/Ayudantia/Iconos/sheet_white2x.png
  artifactKey: Guid(c8c1558b154667a4c8d8b8439a2a45e3) Importer(815301076,1909f56bfc062723c751e8b465ee728b)
Start importing Assets/Ayudantia/Iconos/sheet_white2x.png using Guid(c8c1558b154667a4c8d8b8439a2a45e3) Importer(815301076,1909f56bfc062723c751e8b465ee728b)  -> (artifact id: '6668a470708783eb52f69e1205951a64') in 0.033039 seconds 
  Import took 0.036659 seconds .

========================================================================
Received Import Request.
  Time since last request: 0.000345 seconds.
  path: Assets/Ayudantia/Iconos/sheet_white1x.png
  artifactKey: Guid(cd38a770421c6fe4fa64856a7548a12c) Importer(815301076,1909f56bfc062723c751e8b465ee728b)
Start importing Assets/Ayudantia/Iconos/sheet_white1x.png using Guid(cd38a770421c6fe4fa64856a7548a12c) Importer(815301076,1909f56bfc062723c751e8b465ee728b)  -> (artifact id: 'e723bac580b341f302800891e30f468b') in 0.020157 seconds 
  Import took 0.024755 seconds .

========================================================================
Received Import Request.
  Time since last request: 0.000276 seconds.
  path: Assets/Ayudantia/Iconos/sheet_black1x.png
  artifactKey: Guid(81dec7cb69f05ef47a5feb93ca0091d6) Importer(815301076,1909f56bfc062723c751e8b465ee728b)
Start importing Assets/Ayudantia/Iconos/sheet_black1x.png using Guid(81dec7cb69f05ef47a5feb93ca0091d6) Importer(815301076,1909f56bfc062723c751e8b465ee728b)  -> (artifact id: '6e8ff71c5b2813c18fa8e7e3677b77f4') in 0.021721 seconds 
  Import took 0.026805 seconds .

========================================================================
Received Import Request.
  Time since last request: 0.000398 seconds.
  path: Assets/Ayudantia/Iconos/sheet_black2x.png
  artifactKey: Guid(0357f605ec08bf8419c47b4433087cac) Importer(815301076,1909f56bfc062723c751e8b465ee728b)
Start importing Assets/Ayudantia/Iconos/sheet_black2x.png using Guid(0357f605ec08bf8419c47b4433087cac) Importer(815301076,1909f56bfc062723c751e8b465ee728b)  -> (artifact id: 'a94dab53fd5793e5d8423926b2e05b5f') in 0.022191 seconds 
  Import took 0.027107 seconds .

AssetImportWorkerClient::OnTransportError - code=2 error=End of file
